2016-05-01T15:33:09.165618Z 0 [Warning] TIMESTAMP with implicit DEFAULT value is deprecated. Please use --explicit_defaults_for_timestamp server option (see documentation for more details).
2016-05-01T15:33:09.165618Z 0 [Warning] 'NO_ZERO_DATE', 'NO_ZERO_IN_DATE' and 'ERROR_FOR_DIVISION_BY_ZERO' sql modes should be used with strict mode. They will be merged with strict mode in a future release.
2016-05-01T15:33:09.165618Z 0 [Warning] 'NO_AUTO_CREATE_USER' sql mode was not set.
2016-05-01T15:33:09.165618Z 0 [Warning] Insecure configuration for --secure-file-priv: Current value does not restrict location of generated files. Consider setting it to a valid, non-empty path.
2016-05-01T15:33:09.165618Z 0 [Note] c:\ELibrary_SPP\mysql_server\bin\mysqld (mysqld 5.7.12) starting as process 11068 ...
2016-05-01T15:33:09.179628Z 0 [Note] InnoDB: Mutexes and rw_locks use Windows interlocked functions
2016-05-01T15:33:09.180628Z 0 [Note] InnoDB: Uses event mutexes
2016-05-01T15:33:09.180628Z 0 [Note] InnoDB: _mm_lfence() and _mm_sfence() are used for memory barrier
2016-05-01T15:33:09.181629Z 0 [Note] InnoDB: Compressed tables use zlib 1.2.3
2016-05-01T15:33:09.181629Z 0 [Note] InnoDB: Number of pools: 1
2016-05-01T15:33:09.182629Z 0 [Note] InnoDB: Not using CPU crc32 instructions
2016-05-01T15:33:09.244671Z 0 [Note] InnoDB: Initializing buffer pool, total size = 128M, instances = 1, chunk size = 128M
2016-05-01T15:33:09.253679Z 0 [Note] InnoDB: Completed initialization of buffer pool
2016-05-01T15:33:09.325104Z 0 [Note] InnoDB: Highest supported file format is Barracuda.
2016-05-01T15:33:09.449922Z 0 [Note] InnoDB: Creating shared tablespace for temporary tables
2016-05-01T15:33:09.450923Z 0 [Note] InnoDB: Setting file '.\ibtmp1' size to 12 MB. Physically writing the file full; Please wait ...
2016-05-01T15:33:09.643383Z 0 [Note] InnoDB: File '.\ibtmp1' size is now 12 MB.
2016-05-01T15:33:09.645378Z 0 [Note] InnoDB: 96 redo rollback segment(s) found. 96 redo rollback segment(s) are active.
2016-05-01T15:33:09.646378Z 0 [Note] InnoDB: 32 non-redo rollback segment(s) are active.
2016-05-01T15:33:09.646378Z 0 [Note] InnoDB: Waiting for purge to start
2016-05-01T15:33:09.717924Z 0 [Note] InnoDB: 5.7.12 started; log sequence number 2523435
2016-05-01T15:33:09.718925Z 0 [Note] InnoDB: Loading buffer pool(s) from c:\ELibrary_SPP\mysql_server\data\ib_buffer_pool
2016-05-01T15:33:09.718925Z 0 [Note] Plugin 'FEDERATED' is disabled.
2016-05-01T15:33:09.756075Z 0 [ERROR] unknown option '--console\'
2016-05-01T15:33:09.756075Z 0 [ERROR] Aborting

2016-05-01T15:33:09.757076Z 0 [Note] Binlog end
2016-05-01T15:33:09.757076Z 0 [Note] Shutting down plugin 'ngram'
2016-05-01T15:33:09.757076Z 0 [Note] Shutting down plugin 'partition'
2016-05-01T15:33:09.758077Z 0 [Note] Shutting down plugin 'BLACKHOLE'
2016-05-01T15:33:09.758077Z 0 [Note] Shutting down plugin 'ARCHIVE'
2016-05-01T15:33:09.758077Z 0 [Note] Shutting down plugin 'PERFORMANCE_SCHEMA'
2016-05-01T15:33:09.759077Z 0 [Note] Shutting down plugin 'MRG_MYISAM'
2016-05-01T15:33:09.759077Z 0 [Note] Shutting down plugin 'MyISAM'
2016-05-01T15:33:09.759077Z 0 [Note] Shutting down plugin 'INNODB_SYS_VIRTUAL'
2016-05-01T15:33:09.760080Z 0 [Note] Shutting down plugin 'INNODB_SYS_DATAFILES'
2016-05-01T15:33:09.760080Z 0 [Note] Shutting down plugin 'INNODB_SYS_TABLESPACES'
2016-05-01T15:33:09.761078Z 0 [Note] Shutting down plugin 'INNODB_SYS_FOREIGN_COLS'
2016-05-01T15:33:09.761078Z 0 [Note] Shutting down plugin 'INNODB_SYS_FOREIGN'
2016-05-01T15:33:09.762080Z 0 [Note] Shutting down plugin 'INNODB_SYS_FIELDS'
2016-05-01T15:33:09.762080Z 0 [Note] Shutting down plugin 'INNODB_SYS_COLUMNS'
2016-05-01T15:33:09.762080Z 0 [Note] Shutting down plugin 'INNODB_SYS_INDEXES'
2016-05-01T15:33:09.763081Z 0 [Note] Shutting down plugin 'INNODB_SYS_TABLESTATS'
2016-05-01T15:33:09.763081Z 0 [Note] Shutting down plugin 'INNODB_SYS_TABLES'
2016-05-01T15:33:09.763081Z 0 [Note] Shutting down plugin 'INNODB_FT_INDEX_TABLE'
2016-05-01T15:33:09.764082Z 0 [Note] Shutting down plugin 'INNODB_FT_INDEX_CACHE'
2016-05-01T15:33:09.764082Z 0 [Note] Shutting down plugin 'INNODB_FT_CONFIG'
2016-05-01T15:33:09.764082Z 0 [Note] Shutting down plugin 'INNODB_FT_BEING_DELETED'
2016-05-01T15:33:09.765082Z 0 [Note] Shutting down plugin 'INNODB_FT_DELETED'
2016-05-01T15:33:09.765082Z 0 [Note] Shutting down plugin 'INNODB_FT_DEFAULT_STOPWORD'
2016-05-01T15:33:09.766082Z 0 [Note] Shutting down plugin 'INNODB_METRICS'
2016-05-01T15:33:09.766082Z 0 [Note] Shutting down plugin 'INNODB_TEMP_TABLE_INFO'
2016-05-01T15:33:09.766082Z 0 [Note] Shutting down plugin 'INNODB_BUFFER_POOL_STATS'
2016-05-01T15:33:09.767082Z 0 [Note] Shutting down plugin 'INNODB_BUFFER_PAGE_LRU'
2016-05-01T15:33:09.767082Z 0 [Note] Shutting down plugin 'INNODB_BUFFER_PAGE'
2016-05-01T15:33:09.768083Z 0 [Note] Shutting down plugin 'INNODB_CMP_PER_INDEX_RESET'
2016-05-01T15:33:09.768083Z 0 [Note] Shutting down plugin 'INNODB_CMP_PER_INDEX'
2016-05-01T15:33:09.769085Z 0 [Note] Shutting down plugin 'INNODB_CMPMEM_RESET'
2016-05-01T15:33:09.769085Z 0 [Note] Shutting down plugin 'INNODB_CMPMEM'
2016-05-01T15:33:09.769085Z 0 [Note] Shutting down plugin 'INNODB_CMP_RESET'
2016-05-01T15:33:09.769085Z 0 [Note] Shutting down plugin 'INNODB_CMP'
2016-05-01T15:33:09.770086Z 0 [Note] Shutting down plugin 'INNODB_LOCK_WAITS'
2016-05-01T15:33:09.770086Z 0 [Note] Shutting down plugin 'INNODB_LOCKS'
2016-05-01T15:33:09.771085Z 0 [Note] Shutting down plugin 'INNODB_TRX'
2016-05-01T15:33:09.771085Z 0 [Note] Shutting down plugin 'InnoDB'
2016-05-01T15:33:09.772086Z 0 [Note] InnoDB: FTS optimize thread exiting.
2016-05-01T15:33:09.772086Z 0 [Note] InnoDB: Starting shutdown...
2016-05-01T15:33:09.783219Z 0 [Note] InnoDB: Buffer pool(s) load completed at 160501 18:33:09
2016-05-01T15:33:09.784219Z 0 [Note] InnoDB: Dumping buffer pool(s) to c:\ELibrary_SPP\mysql_server\data\ib_buffer_pool
2016-05-01T15:33:09.786222Z 0 [Note] InnoDB: Buffer pool(s) dump completed at 160501 18:33:09
2016-05-01T15:33:11.228241Z 0 [Note] InnoDB: Shutdown completed; log sequence number 2523454
2016-05-01T15:33:11.229244Z 0 [Note] InnoDB: Removed temporary tablespace data file: "ibtmp1"
2016-05-01T15:33:11.229244Z 0 [Note] Shutting down plugin 'MEMORY'
2016-05-01T15:33:11.230244Z 0 [Note] Shutting down plugin 'CSV'
2016-05-01T15:33:11.230244Z 0 [Note] Shutting down plugin 'sha256_password'
2016-05-01T15:33:11.230244Z 0 [Note] Shutting down plugin 'mysql_native_password'
2016-05-01T15:33:11.231245Z 0 [Note] Shutting down plugin 'binlog'
2016-05-01T15:33:11.231245Z 0 [Note] c:\ELibrary_SPP\mysql_server\bin\mysqld: Shutdown complete

